<?xml version="1.0" encoding="UTF-8"?>
<!-- Generated by org.testng.reporters.JUnitXMLReporter -->
<testsuite ignored="3" hostname="GVC1444" failures="0" tests="1" name="Default test" time="14.137" errors="0" timestamp="2025-09-18T13:57:59 IST">
  <testcase classname="tests.HomePageTest" name="testLinksCountOnHomePage" time="1.164"/>
  <testcase classname="tests.HomePageTest" name="testFileUpload" time="0.0">
    <ignored/>
  </testcase> <!-- testFileUpload -->
  <testcase classname="tests.HomePageTest" name="testABTestingLinkNavigation" time="0.0">
    <ignored/>
  </testcase> <!-- testABTestingLinkNavigation -->
  <testcase classname="tests.HomePageTest" name="testInputBoxNavigation" time="0.0">
    <ignored/>
  </testcase> <!-- testInputBoxNavigation -->
</testsuite> <!-- Default test -->
