<?xml version="1.0" encoding="UTF-8"?>
<testng-results ignored="3" total="4" passed="1" failed="0" skipped="0">
  <reporter-output>
  </reporter-output>
  <suite started-at="2025-09-18T13:57:45 IST" name="Default suite" finished-at="2025-09-18T13:57:59 IST" duration-ms="14137">
    <groups>
      <group name="Smoke">
        <method signature="HomePageTest.testLinksCountOnHomePage()[pri:1, instance:tests.HomePageTest@6c6cb480]" name="testLinksCountOnHomePage" class="tests.HomePageTest"/>
      </group> <!-- Smoke -->
    </groups>
    <test started-at="2025-09-18T13:57:45 IST" name="Default test" finished-at="2025-09-18T13:57:59 IST" duration-ms="14137">
      <class name="tests.HomePageTest">
        <test-method is-config="true" signature="setUp()[pri:0, instance:tests.HomePageTest@6c6cb480]" started-at="2025-09-18T13:57:45 IST" name="setUp" finished-at="2025-09-18T13:57:57 IST" duration-ms="11924" status="PASS">
          <reporter-output>
          </reporter-output>
        </test-method> <!-- setUp -->
        <test-method signature="testLinksCountOnHomePage()[pri:1, instance:tests.HomePageTest@6c6cb480]" started-at="2025-09-18T13:57:57 IST" name="testLinksCountOnHomePage" description="This method to verify the links display and count on Home page." finished-at="2025-09-18T13:57:58 IST" duration-ms="1164" status="PASS">
          <reporter-output>
          </reporter-output>
        </test-method> <!-- testLinksCountOnHomePage -->
        <test-method is-config="true" signature="tearDown()[pri:0, instance:tests.HomePageTest@6c6cb480]" started-at="2025-09-18T13:57:58 IST" name="tearDown" finished-at="2025-09-18T13:57:59 IST" duration-ms="970" status="PASS">
          <reporter-output>
          </reporter-output>
        </test-method> <!-- tearDown -->
      </class> <!-- tests.HomePageTest -->
    </test> <!-- Default test -->
  </suite> <!-- Default suite -->
</testng-results>
